
================================================================================
STOCK 3044.TW  (now: 健鼎)
================================================================================
  1 post linkage(s) to inspect

  POST 5d68b2b3-f9a2-4a9f-90f1-8b41b8bf9079  kol=Gooaye 股癌
    url=https://www.youtube.com/watch?v=Y3UKwjPIVeE
    ✗ NOISE — neither canonical nor hallucination found in transcript

================================================================================
STOCK 3622.TW  (now: 洋華)
================================================================================
  1 post linkage(s) to inspect

  POST 5d68b2b3-f9a2-4a9f-90f1-8b41b8bf9079  kol=Gooaye 股癌
    url=https://www.youtube.com/watch?v=Y3UKwjPIVeE
    ✗ NOISE — neither canonical nor hallucination found in transcript

================================================================================
STOCK 4966.TW  (now: 譜瑞-KY)
================================================================================
  2 post linkage(s) to inspect

  POST 2e0760b4-cf0b-4bd9-bd9c-ca39bbcfe766  kol=Gooaye 股癌
    url=https://www.youtube.com/watch?v=wTJFXDEx45Q
    ✗ NOISE — neither canonical nor hallucination found in transcript

  POST 5d68b2b3-f9a2-4a9f-90f1-8b41b8bf9079  kol=Gooaye 股癌
    url=https://www.youtube.com/watch?v=Y3UKwjPIVeE
    ✗ NOISE — neither canonical nor hallucination found in transcript

================================================================================
STOCK 6121.TW  (now: 新普)
================================================================================
  3 post linkage(s) to inspect

  POST 5d68b2b3-f9a2-4a9f-90f1-8b41b8bf9079  kol=Gooaye 股癌
    url=https://www.youtube.com/watch?v=Y3UKwjPIVeE
    ✗ NOISE — neither canonical nor hallucination found in transcript

  POST 861c8c56-b5f4-4d8b-b855-64dd6bc74c4a  kol=Gooaye 股癌
    url=https://www.youtube.com/watch?v=QVlUUZMmJcQ
    ✗ NOISE — neither canonical nor hallucination found in transcript

  POST a5873924-83b5-4e8f-8e8c-3812fbf7cff1  kol=Gooaye 股癌
    url=podcast-rss://aHR0cHM6Ly9mZWVkcy5zb3VuZG9uLmZtL3BvZGNhc3RzLzk1NDY4OWE1LTMwOTYtNDNhNC1hODBiLTc4MTBiMjE5Y2VmMy54bWw#3e6e0d8f-80c5-4d28-94b2-c4dc0f0f74b0
    ✗ NOISE — neither canonical nor hallucination found in transcript

================================================================================
STOCK 6244.TW  (now: 茂迪)
================================================================================
  1 post linkage(s) to inspect

  POST 5d68b2b3-f9a2-4a9f-90f1-8b41b8bf9079  kol=Gooaye 股癌
    url=https://www.youtube.com/watch?v=Y3UKwjPIVeE
    ✗ NOISE — neither canonical nor hallucination found in transcript

================================================================================
STOCK 6435.TW  (now: 大中)
================================================================================
  3 post linkage(s) to inspect

  POST 5d68b2b3-f9a2-4a9f-90f1-8b41b8bf9079  kol=Gooaye 股癌
    url=https://www.youtube.com/watch?v=Y3UKwjPIVeE
    ✗ NOISE — neither canonical nor hallucination found in transcript

  POST 861c8c56-b5f4-4d8b-b855-64dd6bc74c4a  kol=Gooaye 股癌
    url=https://www.youtube.com/watch?v=QVlUUZMmJcQ
    ✗ NOISE — neither canonical nor hallucination found in transcript

  POST 50d84cd6-daa6-4e2c-bb54-3bd15a2aa6b5  kol=Gooaye 股癌
    url=podcast-rss://aHR0cHM6Ly9mZWVkcy5zb3VuZG9uLmZtL3BvZGNhc3RzLzk1NDY4OWE1LTMwOTYtNDNhNC1hODBiLTc4MTBiMjE5Y2VmMy54bWw#1d4dead1-e21c-4da2-8ee1-6e2978013a1d
    ✗ NOISE — neither canonical nor hallucination found in transcript

================================================================================
STOCK 6441.TW  (now: 廣錠)
================================================================================
  1 post linkage(s) to inspect

  POST 5d68b2b3-f9a2-4a9f-90f1-8b41b8bf9079  kol=Gooaye 股癌
    url=https://www.youtube.com/watch?v=Y3UKwjPIVeE
    ✗ NOISE — neither canonical nor hallucination found in transcript

================================================================================
STOCK 6533.TW  (now: 晶心科)
================================================================================
  4 post linkage(s) to inspect

  POST 5d68b2b3-f9a2-4a9f-90f1-8b41b8bf9079  kol=Gooaye 股癌
    url=https://www.youtube.com/watch?v=Y3UKwjPIVeE
    ✗ NOISE — neither canonical nor hallucination found in transcript

  POST 861c8c56-b5f4-4d8b-b855-64dd6bc74c4a  kol=Gooaye 股癌
    url=https://www.youtube.com/watch?v=QVlUUZMmJcQ
    ✗ NOISE — neither canonical nor hallucination found in transcript

  POST 74f0ee79-404b-430b-90e5-b9c516dd1668  kol=Gooaye 股癌
    url=podcast-rss://aHR0cHM6Ly9mZWVkcy5zb3VuZG9uLmZtL3BvZGNhc3RzLzk1NDY4OWE1LTMwOTYtNDNhNC1hODBiLTc4MTBiMjE5Y2VmMy54bWw#5f2f44a2-266d-4694-ab53-a538832044a8
    ✗ NOISE — neither canonical nor hallucination found in transcript

  POST 50d84cd6-daa6-4e2c-bb54-3bd15a2aa6b5  kol=Gooaye 股癌
    url=podcast-rss://aHR0cHM6Ly9mZWVkcy5zb3VuZG9uLmZtL3BvZGNhc3RzLzk1NDY4OWE1LTMwOTYtNDNhNC1hODBiLTc4MTBiMjE5Y2VmMy54bWw#1d4dead1-e21c-4da2-8ee1-6e2978013a1d
    ✗ NOISE — neither canonical nor hallucination found in transcript

================================================================================
SUMMARY
================================================================================
  Signal linkages (canonical mentioned in transcript): 0
  Noise linkages  (canonical absent):                  16
  Unverifiable    (no transcript):                     0
  TOTAL inspected: 16
